╔═══════════════════════════════════════════════════════╗
║              Jeeves Wiggum - AI Agent Loop             ║
╚═══════════════════════════════════════════════════════╝

[DEBUG] Script directory: /work/jeeves
[DEBUG] Working directory: /work
[DEBUG] Jeeves state directory: /work/jeeves
[DEBUG] Run ID: 20260128T010119Z-54286.Dj6AvD
[DEBUG] Run artifacts directory: /work/jeeves/.runs/20260128T010119Z-54286.Dj6AvD
[DEBUG] Mode: issue
[DEBUG] Config file: /work/jeeves/issue.json
[DEBUG] Progress file: /work/jeeves/progress.txt
[DEBUG] Runner: sdk
[DEBUG] Output mode: stream
[DEBUG] Metrics enabled: 1
[DEBUG] Metrics file (all runs): /work/jeeves/metrics.jsonl
[DEBUG] Metrics file (this run): /work/jeeves/.runs/20260128T010119Z-54286.Dj6AvD/metrics.jsonl
[DEBUG] SDK output file: /work/jeeves/sdk-output.json

[DEBUG] Phase: design
[DEBUG] Prompt file: /work/jeeves/prompt.issue.design.md

[DEBUG] Config file found: 511 bytes
[DEBUG] Tracking branch: issue/6-design

[INFO] Jeeves Summary:
       Issue: 6
       Design doc: docs/issue-6-design.md
       PR: <none>
       Status: implemented=false, prCreated=false, prDescriptionReady=false, reviewClean=false, ciClean=false, coverageClean=false, coverageNeedsFix=false, sonarClean=false
       Phase: design

Starting Jeeves - Max iterations: 10


═══════════════════════════════════════════════════════
  Jeeves Iteration 1 of 10
  Started: Wed Jan 28 01:01:22 UTC 2026
═══════════════════════════════════════════════════════
[DEBUG] Phase: design
[DEBUG] Issue status: implemented=false, prCreated=false, prDescriptionReady=false, reviewClean=false, ciClean=false, coverageClean=false, coverageNeedsFix=false, sonarClean=false
[DEBUG] Prompt file: /work/jeeves/prompt.issue.design.md
[DEBUG] Invoking agent runner (sdk)...
Terminated
